ARM GAS  C:\Users\justi\AppData\Local\Temp\ccVg9FcI.s 			page 1


   1              		.cpu cortex-m0
   2              		.arch armv6s-m
   3              		.fpu softvfp
   4              		.eabi_attribute 20, 1
   5              		.eabi_attribute 21, 1
   6              		.eabi_attribute 23, 3
   7              		.eabi_attribute 24, 1
   8              		.eabi_attribute 25, 1
   9              		.eabi_attribute 26, 1
  10              		.eabi_attribute 30, 1
  11              		.eabi_attribute 34, 0
  12              		.eabi_attribute 18, 4
  13              		.file	"adc.c"
  14              		.text
  15              	.Ltext0:
  16              		.cfi_sections	.debug_frame
  17              		.file 1 "Core/Src/adc.c"
  18              		.section	.text.MX_ADC_Init,"ax",%progbits
  19              		.align	1
  20              		.global	MX_ADC_Init
  21              		.syntax unified
  22              		.code	16
  23              		.thumb_func
  25              	MX_ADC_Init:
  26              	.LFB40:
   1:Core/Src/adc.c **** /* USER CODE BEGIN Header */
   2:Core/Src/adc.c **** /**
   3:Core/Src/adc.c ****   ******************************************************************************
   4:Core/Src/adc.c ****   * @file    adc.c
   5:Core/Src/adc.c ****   * @brief   This file provides code for the configuration
   6:Core/Src/adc.c ****   *          of the ADC instances.
   7:Core/Src/adc.c ****   ******************************************************************************
   8:Core/Src/adc.c ****   * @attention
   9:Core/Src/adc.c ****   *
  10:Core/Src/adc.c ****   * Copyright (c) 2024 STMicroelectronics.
  11:Core/Src/adc.c ****   * All rights reserved.
  12:Core/Src/adc.c ****   *
  13:Core/Src/adc.c ****   * This software is licensed under terms that can be found in the LICENSE file
  14:Core/Src/adc.c ****   * in the root directory of this software component.
  15:Core/Src/adc.c ****   * If no LICENSE file comes with this software, it is provided AS-IS.
  16:Core/Src/adc.c ****   *
  17:Core/Src/adc.c ****   ******************************************************************************
  18:Core/Src/adc.c ****   */
  19:Core/Src/adc.c **** /* USER CODE END Header */
  20:Core/Src/adc.c **** /* Includes ------------------------------------------------------------------*/
  21:Core/Src/adc.c **** #include "adc.h"
  22:Core/Src/adc.c **** 
  23:Core/Src/adc.c **** /* USER CODE BEGIN 0 */
  24:Core/Src/adc.c **** 
  25:Core/Src/adc.c **** /* USER CODE END 0 */
  26:Core/Src/adc.c **** 
  27:Core/Src/adc.c **** ADC_HandleTypeDef hadc;
  28:Core/Src/adc.c **** 
  29:Core/Src/adc.c **** /* ADC init function */
  30:Core/Src/adc.c **** void MX_ADC_Init(void)
  31:Core/Src/adc.c **** {
  27              		.loc 1 31 1 view -0
ARM GAS  C:\Users\justi\AppData\Local\Temp\ccVg9FcI.s 			page 2


  28              		.cfi_startproc
  29              		@ args = 0, pretend = 0, frame = 16
  30              		@ frame_needed = 0, uses_anonymous_args = 0
  31 0000 00B5     		push	{lr}
  32              		.cfi_def_cfa_offset 4
  33              		.cfi_offset 14, -4
  34 0002 85B0     		sub	sp, sp, #20
  35              		.cfi_def_cfa_offset 24
  32:Core/Src/adc.c **** 
  33:Core/Src/adc.c ****   /* USER CODE BEGIN ADC_Init 0 */
  34:Core/Src/adc.c **** 
  35:Core/Src/adc.c ****   /* USER CODE END ADC_Init 0 */
  36:Core/Src/adc.c **** 
  37:Core/Src/adc.c ****   ADC_ChannelConfTypeDef sConfig = {0};
  36              		.loc 1 37 3 view .LVU1
  37              		.loc 1 37 26 is_stmt 0 view .LVU2
  38 0004 0C22     		movs	r2, #12
  39 0006 0021     		movs	r1, #0
  40 0008 01A8     		add	r0, sp, #4
  41 000a FFF7FEFF 		bl	memset
  42              	.LVL0:
  38:Core/Src/adc.c **** 
  39:Core/Src/adc.c ****   /* USER CODE BEGIN ADC_Init 1 */
  40:Core/Src/adc.c **** 
  41:Core/Src/adc.c ****   /* USER CODE END ADC_Init 1 */
  42:Core/Src/adc.c **** 
  43:Core/Src/adc.c ****   /** Configure the global features of the ADC (Clock, Resolution, Data Alignment and number of con
  44:Core/Src/adc.c ****   */
  45:Core/Src/adc.c ****   hadc.Instance = ADC1;
  43              		.loc 1 45 3 is_stmt 1 view .LVU3
  44              		.loc 1 45 17 is_stmt 0 view .LVU4
  45 000e 1E48     		ldr	r0, .L8
  46 0010 1E4B     		ldr	r3, .L8+4
  47 0012 0360     		str	r3, [r0]
  46:Core/Src/adc.c ****   hadc.Init.ClockPrescaler = ADC_CLOCK_ASYNC_DIV1;
  48              		.loc 1 46 3 is_stmt 1 view .LVU5
  49              		.loc 1 46 28 is_stmt 0 view .LVU6
  50 0014 0023     		movs	r3, #0
  51 0016 4360     		str	r3, [r0, #4]
  47:Core/Src/adc.c ****   hadc.Init.Resolution = ADC_RESOLUTION_12B;
  52              		.loc 1 47 3 is_stmt 1 view .LVU7
  53              		.loc 1 47 24 is_stmt 0 view .LVU8
  54 0018 8360     		str	r3, [r0, #8]
  48:Core/Src/adc.c ****   hadc.Init.DataAlign = ADC_DATAALIGN_RIGHT;
  55              		.loc 1 48 3 is_stmt 1 view .LVU9
  56              		.loc 1 48 23 is_stmt 0 view .LVU10
  57 001a C360     		str	r3, [r0, #12]
  49:Core/Src/adc.c ****   hadc.Init.ScanConvMode = ADC_SCAN_DIRECTION_FORWARD;
  58              		.loc 1 49 3 is_stmt 1 view .LVU11
  59              		.loc 1 49 26 is_stmt 0 view .LVU12
  60 001c 0122     		movs	r2, #1
  61 001e 0261     		str	r2, [r0, #16]
  50:Core/Src/adc.c ****   hadc.Init.EOCSelection = ADC_EOC_SINGLE_CONV;
  62              		.loc 1 50 3 is_stmt 1 view .LVU13
  63              		.loc 1 50 26 is_stmt 0 view .LVU14
  64 0020 0421     		movs	r1, #4
  65 0022 4161     		str	r1, [r0, #20]
ARM GAS  C:\Users\justi\AppData\Local\Temp\ccVg9FcI.s 			page 3


  51:Core/Src/adc.c ****   hadc.Init.LowPowerAutoWait = DISABLE;
  66              		.loc 1 51 3 is_stmt 1 view .LVU15
  67              		.loc 1 51 30 is_stmt 0 view .LVU16
  68 0024 0376     		strb	r3, [r0, #24]
  52:Core/Src/adc.c ****   hadc.Init.LowPowerAutoPowerOff = DISABLE;
  69              		.loc 1 52 3 is_stmt 1 view .LVU17
  70              		.loc 1 52 34 is_stmt 0 view .LVU18
  71 0026 4376     		strb	r3, [r0, #25]
  53:Core/Src/adc.c ****   hadc.Init.ContinuousConvMode = DISABLE;
  72              		.loc 1 53 3 is_stmt 1 view .LVU19
  73              		.loc 1 53 32 is_stmt 0 view .LVU20
  74 0028 8376     		strb	r3, [r0, #26]
  54:Core/Src/adc.c ****   hadc.Init.DiscontinuousConvMode = DISABLE;
  75              		.loc 1 54 3 is_stmt 1 view .LVU21
  76              		.loc 1 54 35 is_stmt 0 view .LVU22
  77 002a C376     		strb	r3, [r0, #27]
  55:Core/Src/adc.c ****   hadc.Init.ExternalTrigConv = ADC_SOFTWARE_START;
  78              		.loc 1 55 3 is_stmt 1 view .LVU23
  79              		.loc 1 55 30 is_stmt 0 view .LVU24
  80 002c C221     		movs	r1, #194
  81 002e FF31     		adds	r1, r1, #255
  82 0030 C161     		str	r1, [r0, #28]
  56:Core/Src/adc.c ****   hadc.Init.ExternalTrigConvEdge = ADC_EXTERNALTRIGCONVEDGE_NONE;
  83              		.loc 1 56 3 is_stmt 1 view .LVU25
  84              		.loc 1 56 34 is_stmt 0 view .LVU26
  85 0032 0362     		str	r3, [r0, #32]
  57:Core/Src/adc.c ****   hadc.Init.DMAContinuousRequests = DISABLE;
  86              		.loc 1 57 3 is_stmt 1 view .LVU27
  87              		.loc 1 57 35 is_stmt 0 view .LVU28
  88 0034 9E39     		subs	r1, r1, #158
  89 0036 FF39     		subs	r1, r1, #255
  90 0038 4354     		strb	r3, [r0, r1]
  58:Core/Src/adc.c ****   hadc.Init.Overrun = ADC_OVR_DATA_PRESERVED;
  91              		.loc 1 58 3 is_stmt 1 view .LVU29
  92              		.loc 1 58 21 is_stmt 0 view .LVU30
  93 003a 8262     		str	r2, [r0, #40]
  59:Core/Src/adc.c ****   if (HAL_ADC_Init(&hadc) != HAL_OK)
  94              		.loc 1 59 3 is_stmt 1 view .LVU31
  95              		.loc 1 59 7 is_stmt 0 view .LVU32
  96 003c FFF7FEFF 		bl	HAL_ADC_Init
  97              	.LVL1:
  98              		.loc 1 59 6 view .LVU33
  99 0040 0028     		cmp	r0, #0
 100 0042 17D1     		bne	.L5
 101              	.L2:
  60:Core/Src/adc.c ****   {
  61:Core/Src/adc.c ****     Error_Handler();
  62:Core/Src/adc.c ****   }
  63:Core/Src/adc.c **** 
  64:Core/Src/adc.c ****   /** Configure for the selected ADC regular channel to be converted.
  65:Core/Src/adc.c ****   */
  66:Core/Src/adc.c ****   sConfig.Channel = ADC_CHANNEL_5;
 102              		.loc 1 66 3 is_stmt 1 view .LVU34
 103              		.loc 1 66 19 is_stmt 0 view .LVU35
 104 0044 0523     		movs	r3, #5
 105 0046 0193     		str	r3, [sp, #4]
  67:Core/Src/adc.c ****   sConfig.Rank = ADC_RANK_CHANNEL_NUMBER;
ARM GAS  C:\Users\justi\AppData\Local\Temp\ccVg9FcI.s 			page 4


 106              		.loc 1 67 3 is_stmt 1 view .LVU36
 107              		.loc 1 67 16 is_stmt 0 view .LVU37
 108 0048 8023     		movs	r3, #128
 109 004a 5B01     		lsls	r3, r3, #5
 110 004c 0293     		str	r3, [sp, #8]
  68:Core/Src/adc.c ****   sConfig.SamplingTime = ADC_SAMPLETIME_1CYCLE_5;
 111              		.loc 1 68 3 is_stmt 1 view .LVU38
 112              		.loc 1 68 24 is_stmt 0 view .LVU39
 113 004e 8023     		movs	r3, #128
 114 0050 5B05     		lsls	r3, r3, #21
 115 0052 0393     		str	r3, [sp, #12]
  69:Core/Src/adc.c ****   if (HAL_ADC_ConfigChannel(&hadc, &sConfig) != HAL_OK)
 116              		.loc 1 69 3 is_stmt 1 view .LVU40
 117              		.loc 1 69 7 is_stmt 0 view .LVU41
 118 0054 0C48     		ldr	r0, .L8
 119 0056 01A9     		add	r1, sp, #4
 120 0058 FFF7FEFF 		bl	HAL_ADC_ConfigChannel
 121              	.LVL2:
 122              		.loc 1 69 6 view .LVU42
 123 005c 0028     		cmp	r0, #0
 124 005e 0CD1     		bne	.L6
 125              	.L3:
  70:Core/Src/adc.c ****   {
  71:Core/Src/adc.c ****     Error_Handler();
  72:Core/Src/adc.c ****   }
  73:Core/Src/adc.c **** 
  74:Core/Src/adc.c ****   /** Configure for the selected ADC regular channel to be converted.
  75:Core/Src/adc.c ****   */
  76:Core/Src/adc.c ****   sConfig.Channel = ADC_CHANNEL_6;
 126              		.loc 1 76 3 is_stmt 1 view .LVU43
 127              		.loc 1 76 19 is_stmt 0 view .LVU44
 128 0060 0623     		movs	r3, #6
 129 0062 0193     		str	r3, [sp, #4]
  77:Core/Src/adc.c ****   if (HAL_ADC_ConfigChannel(&hadc, &sConfig) != HAL_OK)
 130              		.loc 1 77 3 is_stmt 1 view .LVU45
 131              		.loc 1 77 7 is_stmt 0 view .LVU46
 132 0064 0848     		ldr	r0, .L8
 133 0066 01A9     		add	r1, sp, #4
 134 0068 FFF7FEFF 		bl	HAL_ADC_ConfigChannel
 135              	.LVL3:
 136              		.loc 1 77 6 view .LVU47
 137 006c 0028     		cmp	r0, #0
 138 006e 07D1     		bne	.L7
 139              	.L1:
  78:Core/Src/adc.c ****   {
  79:Core/Src/adc.c ****     Error_Handler();
  80:Core/Src/adc.c ****   }
  81:Core/Src/adc.c ****   /* USER CODE BEGIN ADC_Init 2 */
  82:Core/Src/adc.c **** 
  83:Core/Src/adc.c ****   /* USER CODE END ADC_Init 2 */
  84:Core/Src/adc.c **** 
  85:Core/Src/adc.c **** }
 140              		.loc 1 85 1 view .LVU48
 141 0070 05B0     		add	sp, sp, #20
 142              		@ sp needed
 143 0072 00BD     		pop	{pc}
 144              	.L5:
ARM GAS  C:\Users\justi\AppData\Local\Temp\ccVg9FcI.s 			page 5


  61:Core/Src/adc.c ****   }
 145              		.loc 1 61 5 is_stmt 1 view .LVU49
 146 0074 FFF7FEFF 		bl	Error_Handler
 147              	.LVL4:
 148 0078 E4E7     		b	.L2
 149              	.L6:
  71:Core/Src/adc.c ****   }
 150              		.loc 1 71 5 view .LVU50
 151 007a FFF7FEFF 		bl	Error_Handler
 152              	.LVL5:
 153 007e EFE7     		b	.L3
 154              	.L7:
  79:Core/Src/adc.c ****   }
 155              		.loc 1 79 5 view .LVU51
 156 0080 FFF7FEFF 		bl	Error_Handler
 157              	.LVL6:
 158              		.loc 1 85 1 is_stmt 0 view .LVU52
 159 0084 F4E7     		b	.L1
 160              	.L9:
 161 0086 C046     		.align	2
 162              	.L8:
 163 0088 00000000 		.word	hadc
 164 008c 00240140 		.word	1073816576
 165              		.cfi_endproc
 166              	.LFE40:
 168              		.section	.text.HAL_ADC_MspInit,"ax",%progbits
 169              		.align	1
 170              		.global	HAL_ADC_MspInit
 171              		.syntax unified
 172              		.code	16
 173              		.thumb_func
 175              	HAL_ADC_MspInit:
 176              	.LVL7:
 177              	.LFB41:
  86:Core/Src/adc.c **** 
  87:Core/Src/adc.c **** void HAL_ADC_MspInit(ADC_HandleTypeDef* adcHandle)
  88:Core/Src/adc.c **** {
 178              		.loc 1 88 1 is_stmt 1 view -0
 179              		.cfi_startproc
 180              		@ args = 0, pretend = 0, frame = 32
 181              		@ frame_needed = 0, uses_anonymous_args = 0
 182              		.loc 1 88 1 is_stmt 0 view .LVU54
 183 0000 10B5     		push	{r4, lr}
 184              		.cfi_def_cfa_offset 8
 185              		.cfi_offset 4, -8
 186              		.cfi_offset 14, -4
 187 0002 88B0     		sub	sp, sp, #32
 188              		.cfi_def_cfa_offset 40
 189 0004 0400     		movs	r4, r0
  89:Core/Src/adc.c **** 
  90:Core/Src/adc.c ****   GPIO_InitTypeDef GPIO_InitStruct = {0};
 190              		.loc 1 90 3 is_stmt 1 view .LVU55
 191              		.loc 1 90 20 is_stmt 0 view .LVU56
 192 0006 1422     		movs	r2, #20
 193 0008 0021     		movs	r1, #0
 194 000a 03A8     		add	r0, sp, #12
 195              	.LVL8:
ARM GAS  C:\Users\justi\AppData\Local\Temp\ccVg9FcI.s 			page 6


 196              		.loc 1 90 20 view .LVU57
 197 000c FFF7FEFF 		bl	memset
 198              	.LVL9:
  91:Core/Src/adc.c ****   if(adcHandle->Instance==ADC1)
 199              		.loc 1 91 3 is_stmt 1 view .LVU58
 200              		.loc 1 91 15 is_stmt 0 view .LVU59
 201 0010 2268     		ldr	r2, [r4]
 202              		.loc 1 91 5 view .LVU60
 203 0012 114B     		ldr	r3, .L13
 204 0014 9A42     		cmp	r2, r3
 205 0016 01D0     		beq	.L12
 206              	.L10:
  92:Core/Src/adc.c ****   {
  93:Core/Src/adc.c ****   /* USER CODE BEGIN ADC1_MspInit 0 */
  94:Core/Src/adc.c **** 
  95:Core/Src/adc.c ****   /* USER CODE END ADC1_MspInit 0 */
  96:Core/Src/adc.c ****     /* ADC1 clock enable */
  97:Core/Src/adc.c ****     __HAL_RCC_ADC1_CLK_ENABLE();
  98:Core/Src/adc.c **** 
  99:Core/Src/adc.c ****     __HAL_RCC_GPIOA_CLK_ENABLE();
 100:Core/Src/adc.c ****     /**ADC GPIO Configuration
 101:Core/Src/adc.c ****     PA5     ------> ADC_IN5
 102:Core/Src/adc.c ****     PA6     ------> ADC_IN6
 103:Core/Src/adc.c ****     */
 104:Core/Src/adc.c ****     GPIO_InitStruct.Pin = GPIO_PIN_5|GPIO_PIN_6;
 105:Core/Src/adc.c ****     GPIO_InitStruct.Mode = GPIO_MODE_ANALOG;
 106:Core/Src/adc.c ****     GPIO_InitStruct.Pull = GPIO_NOPULL;
 107:Core/Src/adc.c ****     HAL_GPIO_Init(GPIOA, &GPIO_InitStruct);
 108:Core/Src/adc.c **** 
 109:Core/Src/adc.c ****   /* USER CODE BEGIN ADC1_MspInit 1 */
 110:Core/Src/adc.c **** 
 111:Core/Src/adc.c ****   /* USER CODE END ADC1_MspInit 1 */
 112:Core/Src/adc.c ****   }
 113:Core/Src/adc.c **** }
 207              		.loc 1 113 1 view .LVU61
 208 0018 08B0     		add	sp, sp, #32
 209              		@ sp needed
 210              	.LVL10:
 211              		.loc 1 113 1 view .LVU62
 212 001a 10BD     		pop	{r4, pc}
 213              	.LVL11:
 214              	.L12:
  97:Core/Src/adc.c **** 
 215              		.loc 1 97 5 is_stmt 1 view .LVU63
 216              	.LBB2:
  97:Core/Src/adc.c **** 
 217              		.loc 1 97 5 view .LVU64
  97:Core/Src/adc.c **** 
 218              		.loc 1 97 5 view .LVU65
 219 001c 0F4B     		ldr	r3, .L13+4
 220 001e 9A69     		ldr	r2, [r3, #24]
 221 0020 8021     		movs	r1, #128
 222 0022 8900     		lsls	r1, r1, #2
 223 0024 0A43     		orrs	r2, r1
 224 0026 9A61     		str	r2, [r3, #24]
  97:Core/Src/adc.c **** 
 225              		.loc 1 97 5 view .LVU66
ARM GAS  C:\Users\justi\AppData\Local\Temp\ccVg9FcI.s 			page 7


 226 0028 9A69     		ldr	r2, [r3, #24]
 227 002a 0A40     		ands	r2, r1
 228 002c 0192     		str	r2, [sp, #4]
  97:Core/Src/adc.c **** 
 229              		.loc 1 97 5 view .LVU67
 230 002e 019A     		ldr	r2, [sp, #4]
 231              	.LBE2:
  97:Core/Src/adc.c **** 
 232              		.loc 1 97 5 view .LVU68
  99:Core/Src/adc.c ****     /**ADC GPIO Configuration
 233              		.loc 1 99 5 view .LVU69
 234              	.LBB3:
  99:Core/Src/adc.c ****     /**ADC GPIO Configuration
 235              		.loc 1 99 5 view .LVU70
  99:Core/Src/adc.c ****     /**ADC GPIO Configuration
 236              		.loc 1 99 5 view .LVU71
 237 0030 5A69     		ldr	r2, [r3, #20]
 238 0032 8021     		movs	r1, #128
 239 0034 8902     		lsls	r1, r1, #10
 240 0036 0A43     		orrs	r2, r1
 241 0038 5A61     		str	r2, [r3, #20]
  99:Core/Src/adc.c ****     /**ADC GPIO Configuration
 242              		.loc 1 99 5 view .LVU72
 243 003a 5B69     		ldr	r3, [r3, #20]
 244 003c 0B40     		ands	r3, r1
 245 003e 0293     		str	r3, [sp, #8]
  99:Core/Src/adc.c ****     /**ADC GPIO Configuration
 246              		.loc 1 99 5 view .LVU73
 247 0040 029B     		ldr	r3, [sp, #8]
 248              	.LBE3:
  99:Core/Src/adc.c ****     /**ADC GPIO Configuration
 249              		.loc 1 99 5 view .LVU74
 104:Core/Src/adc.c ****     GPIO_InitStruct.Mode = GPIO_MODE_ANALOG;
 250              		.loc 1 104 5 view .LVU75
 104:Core/Src/adc.c ****     GPIO_InitStruct.Mode = GPIO_MODE_ANALOG;
 251              		.loc 1 104 25 is_stmt 0 view .LVU76
 252 0042 6023     		movs	r3, #96
 253 0044 0393     		str	r3, [sp, #12]
 105:Core/Src/adc.c ****     GPIO_InitStruct.Pull = GPIO_NOPULL;
 254              		.loc 1 105 5 is_stmt 1 view .LVU77
 105:Core/Src/adc.c ****     GPIO_InitStruct.Pull = GPIO_NOPULL;
 255              		.loc 1 105 26 is_stmt 0 view .LVU78
 256 0046 5D3B     		subs	r3, r3, #93
 257 0048 0493     		str	r3, [sp, #16]
 106:Core/Src/adc.c ****     HAL_GPIO_Init(GPIOA, &GPIO_InitStruct);
 258              		.loc 1 106 5 is_stmt 1 view .LVU79
 107:Core/Src/adc.c **** 
 259              		.loc 1 107 5 view .LVU80
 260 004a 9020     		movs	r0, #144
 261 004c 03A9     		add	r1, sp, #12
 262 004e C005     		lsls	r0, r0, #23
 263 0050 FFF7FEFF 		bl	HAL_GPIO_Init
 264              	.LVL12:
 265              		.loc 1 113 1 is_stmt 0 view .LVU81
 266 0054 E0E7     		b	.L10
 267              	.L14:
 268 0056 C046     		.align	2
ARM GAS  C:\Users\justi\AppData\Local\Temp\ccVg9FcI.s 			page 8


 269              	.L13:
 270 0058 00240140 		.word	1073816576
 271 005c 00100240 		.word	1073876992
 272              		.cfi_endproc
 273              	.LFE41:
 275              		.section	.text.HAL_ADC_MspDeInit,"ax",%progbits
 276              		.align	1
 277              		.global	HAL_ADC_MspDeInit
 278              		.syntax unified
 279              		.code	16
 280              		.thumb_func
 282              	HAL_ADC_MspDeInit:
 283              	.LVL13:
 284              	.LFB42:
 114:Core/Src/adc.c **** 
 115:Core/Src/adc.c **** void HAL_ADC_MspDeInit(ADC_HandleTypeDef* adcHandle)
 116:Core/Src/adc.c **** {
 285              		.loc 1 116 1 is_stmt 1 view -0
 286              		.cfi_startproc
 287              		@ args = 0, pretend = 0, frame = 0
 288              		@ frame_needed = 0, uses_anonymous_args = 0
 289              		.loc 1 116 1 is_stmt 0 view .LVU83
 290 0000 10B5     		push	{r4, lr}
 291              		.cfi_def_cfa_offset 8
 292              		.cfi_offset 4, -8
 293              		.cfi_offset 14, -4
 117:Core/Src/adc.c **** 
 118:Core/Src/adc.c ****   if(adcHandle->Instance==ADC1)
 294              		.loc 1 118 3 is_stmt 1 view .LVU84
 295              		.loc 1 118 15 is_stmt 0 view .LVU85
 296 0002 0268     		ldr	r2, [r0]
 297              		.loc 1 118 5 view .LVU86
 298 0004 074B     		ldr	r3, .L18
 299 0006 9A42     		cmp	r2, r3
 300 0008 00D0     		beq	.L17
 301              	.LVL14:
 302              	.L15:
 119:Core/Src/adc.c ****   {
 120:Core/Src/adc.c ****   /* USER CODE BEGIN ADC1_MspDeInit 0 */
 121:Core/Src/adc.c **** 
 122:Core/Src/adc.c ****   /* USER CODE END ADC1_MspDeInit 0 */
 123:Core/Src/adc.c ****     /* Peripheral clock disable */
 124:Core/Src/adc.c ****     __HAL_RCC_ADC1_CLK_DISABLE();
 125:Core/Src/adc.c **** 
 126:Core/Src/adc.c ****     /**ADC GPIO Configuration
 127:Core/Src/adc.c ****     PA5     ------> ADC_IN5
 128:Core/Src/adc.c ****     PA6     ------> ADC_IN6
 129:Core/Src/adc.c ****     */
 130:Core/Src/adc.c ****     HAL_GPIO_DeInit(GPIOA, GPIO_PIN_5|GPIO_PIN_6);
 131:Core/Src/adc.c **** 
 132:Core/Src/adc.c ****   /* USER CODE BEGIN ADC1_MspDeInit 1 */
 133:Core/Src/adc.c **** 
 134:Core/Src/adc.c ****   /* USER CODE END ADC1_MspDeInit 1 */
 135:Core/Src/adc.c ****   }
 136:Core/Src/adc.c **** }
 303              		.loc 1 136 1 view .LVU87
 304              		@ sp needed
ARM GAS  C:\Users\justi\AppData\Local\Temp\ccVg9FcI.s 			page 9


 305 000a 10BD     		pop	{r4, pc}
 306              	.LVL15:
 307              	.L17:
 124:Core/Src/adc.c **** 
 308              		.loc 1 124 5 is_stmt 1 view .LVU88
 309 000c 064A     		ldr	r2, .L18+4
 310 000e 9369     		ldr	r3, [r2, #24]
 311 0010 0649     		ldr	r1, .L18+8
 312 0012 0B40     		ands	r3, r1
 313 0014 9361     		str	r3, [r2, #24]
 130:Core/Src/adc.c **** 
 314              		.loc 1 130 5 view .LVU89
 315 0016 9020     		movs	r0, #144
 316              	.LVL16:
 130:Core/Src/adc.c **** 
 317              		.loc 1 130 5 is_stmt 0 view .LVU90
 318 0018 6021     		movs	r1, #96
 319 001a C005     		lsls	r0, r0, #23
 320 001c FFF7FEFF 		bl	HAL_GPIO_DeInit
 321              	.LVL17:
 322              		.loc 1 136 1 view .LVU91
 323 0020 F3E7     		b	.L15
 324              	.L19:
 325 0022 C046     		.align	2
 326              	.L18:
 327 0024 00240140 		.word	1073816576
 328 0028 00100240 		.word	1073876992
 329 002c FFFDFFFF 		.word	-513
 330              		.cfi_endproc
 331              	.LFE42:
 333              		.global	hadc
 334              		.section	.bss.hadc,"aw",%nobits
 335              		.align	2
 338              	hadc:
 339 0000 00000000 		.space	64
 339      00000000 
 339      00000000 
 339      00000000 
 339      00000000 
 340              		.text
 341              	.Letext0:
 342              		.file 2 "c:\\users\\justi\\appdata\\roaming\\code\\user\\globalstorage\\bmd.stm32-for-vscode\\@xpa
 343              		.file 3 "c:\\users\\justi\\appdata\\roaming\\code\\user\\globalstorage\\bmd.stm32-for-vscode\\@xpa
 344              		.file 4 "Drivers/CMSIS/Device/ST/STM32F0xx/Include/stm32f051x8.h"
 345              		.file 5 "Drivers/CMSIS/Device/ST/STM32F0xx/Include/stm32f0xx.h"
 346              		.file 6 "Drivers/STM32F0xx_HAL_Driver/Inc/stm32f0xx_hal_def.h"
 347              		.file 7 "Drivers/STM32F0xx_HAL_Driver/Inc/stm32f0xx_hal_gpio.h"
 348              		.file 8 "Drivers/STM32F0xx_HAL_Driver/Inc/stm32f0xx_hal_dma.h"
 349              		.file 9 "Drivers/STM32F0xx_HAL_Driver/Inc/stm32f0xx_hal_adc.h"
 350              		.file 10 "Core/Inc/adc.h"
 351              		.file 11 "Core/Inc/main.h"
 352              		.file 12 "<built-in>"
ARM GAS  C:\Users\justi\AppData\Local\Temp\ccVg9FcI.s 			page 10


DEFINED SYMBOLS
                            *ABS*:00000000 adc.c
C:\Users\justi\AppData\Local\Temp\ccVg9FcI.s:19     .text.MX_ADC_Init:00000000 $t
C:\Users\justi\AppData\Local\Temp\ccVg9FcI.s:25     .text.MX_ADC_Init:00000000 MX_ADC_Init
C:\Users\justi\AppData\Local\Temp\ccVg9FcI.s:163    .text.MX_ADC_Init:00000088 $d
C:\Users\justi\AppData\Local\Temp\ccVg9FcI.s:338    .bss.hadc:00000000 hadc
C:\Users\justi\AppData\Local\Temp\ccVg9FcI.s:169    .text.HAL_ADC_MspInit:00000000 $t
C:\Users\justi\AppData\Local\Temp\ccVg9FcI.s:175    .text.HAL_ADC_MspInit:00000000 HAL_ADC_MspInit
C:\Users\justi\AppData\Local\Temp\ccVg9FcI.s:270    .text.HAL_ADC_MspInit:00000058 $d
C:\Users\justi\AppData\Local\Temp\ccVg9FcI.s:276    .text.HAL_ADC_MspDeInit:00000000 $t
C:\Users\justi\AppData\Local\Temp\ccVg9FcI.s:282    .text.HAL_ADC_MspDeInit:00000000 HAL_ADC_MspDeInit
C:\Users\justi\AppData\Local\Temp\ccVg9FcI.s:327    .text.HAL_ADC_MspDeInit:00000024 $d
C:\Users\justi\AppData\Local\Temp\ccVg9FcI.s:335    .bss.hadc:00000000 $d

UNDEFINED SYMBOLS
memset
HAL_ADC_Init
HAL_ADC_ConfigChannel
Error_Handler
HAL_GPIO_Init
HAL_GPIO_DeInit
